[07:38:17] [ServerMain/INFO]: [bootstrap] Running Java 21 (OpenJDK 64-Bit Server VM 21.0.11+10-1-24.04.2-Ubuntu; Ubuntu null) on Linux 6.8.0-1052-azure (amd64)
[07:38:17] [ServerMain/INFO]: [bootstrap] Loading Paper 1.21.10-117-ver/1.21.10@df4b668 (2025-11-30T22:37:28Z) for Minecraft 1.21.10
[07:38:17] [ServerMain/INFO]: [PluginInitializerManager] Initializing plugins...
[07:38:19] [ServerMain/INFO]: [PluginInitializerManager] Initialized 6 plugins
[07:38:19] [ServerMain/INFO]: [PluginInitializerManager] Bukkit plugins (6):
 - Essentials (2.22.0), InfernalMobs (6.9.3), KBloodMoon (${project.version}), LevelledMobs (4.5.3.1 b155), LuckPerms (5.5.53), SkinsRestorer (15.12.3)
[07:38:24] [ServerMain/INFO]: Environment: Environment[sessionHost=https://sessionserver.mojang.com, servicesHost=https://api.minecraftservices.com, profilesHost=https://api.mojang.com, name=PROD]
[07:38:27] [ServerMain/INFO]: Loaded 1461 recipes
[07:38:27] [ServerMain/INFO]: Loaded 1574 advancements
[07:38:27] [ServerMain/INFO]: [ca.spottedleaf.dataconverter.minecraft.datatypes.MCTypeRegistry] Initialising converters for DataConverter...
[07:38:27] [ServerMain/INFO]: [ca.spottedleaf.dataconverter.minecraft.datatypes.MCTypeRegistry] Finished initialising converters for DataConverter in 442.5ms
[07:38:27] [Server thread/INFO]: Starting minecraft server version 1.21.10
[07:38:27] [Server thread/INFO]: Loading properties
[07:38:27] [Server thread/INFO]: This server is running Paper version 1.21.10-117-ver/1.21.10@df4b668 (2025-11-30T22:37:28Z) (Implementing API version 1.21.10-R0.1-SNAPSHOT)
[07:38:27] [Server thread/INFO]: [spark] This server bundles the spark profiler. For more information please visit https://docs.papermc.io/paper/profiling
[07:38:27] [Server thread/INFO]: Server Ping Player Sample Count: 12
[07:38:27] [Server thread/INFO]: Using 4 threads for Netty based IO
[07:38:28] [Server thread/INFO]: [MoonriseCommon] Paper is using 1 worker threads, 1 I/O threads
[07:38:29] [Server thread/INFO]: Default game type: SURVIVAL
[07:38:29] [Server thread/INFO]: Generating keypair
[07:38:29] [Server thread/INFO]: Starting Minecraft server on *:25565
[07:38:29] [Server thread/INFO]: Using epoll channel type
[07:38:29] [Server thread/INFO]: Paper: Using libdeflate (Linux x86_64) compression from Velocity.
[07:38:29] [Server thread/INFO]: Paper: Using OpenSSL 3.x.x (Linux x86_64) cipher from Velocity.
[07:38:30] [Server thread/INFO]: [LuckPerms] Loading server plugin LuckPerms v5.5.53
[07:38:31] [Server thread/INFO]: [LuckPerms] Loading configuration...
[07:38:31] [Server thread/INFO]: [Essentials] Loading server plugin Essentials v2.22.0
[07:38:31] [Server thread/INFO]: [SkinsRestorer] Loading server plugin SkinsRestorer v15.12.3
[07:38:31] [Server thread/INFO]: [KBloodMoon] Loading server plugin KBloodMoon v${project.version}
[07:38:31] [Server thread/INFO]: [InfernalMobs] Loading server plugin InfernalMobs v6.9.3
[07:38:31] [Server thread/INFO]: [LevelledMobs] Loading server plugin LevelledMobs v4.5.3.1 b155
[07:38:31] [Server thread/INFO]: Server permissions file permissions.yml is empty, ignoring it
[07:38:31] [Server thread/INFO]: [LuckPerms] Enabling LuckPerms v5.5.53
[07:38:31] [Server thread/INFO]:         __    
[07:38:31] [Server thread/INFO]:   |    |__)   LuckPerms v5.5.53
[07:38:31] [Server thread/INFO]:   |___ |      Running on Bukkit - Paper
[07:38:31] [Server thread/INFO]: 
[07:38:31] [Server thread/INFO]: [LuckPerms] Loading storage provider... [H2]
[07:38:32] [Server thread/INFO]: [LuckPerms] Loading internal permission managers...
[07:38:32] [Server thread/INFO]: [LuckPerms] Performing initial data load...
[07:38:32] [Server thread/INFO]: [LuckPerms] Successfully enabled. (took 1414ms)
[07:38:32] [Server thread/INFO]: [SkinsRestorer] Enabling SkinsRestorer v15.12.3
[07:38:33] [Server thread/INFO]: [SkinsRestorer] Running on Minecraft 1.21.10.
[07:38:34] [Server thread/INFO]: [SkinsRestorer] Using paper join listener!
[07:38:34] [Server thread/WARN]: **** SERVER IS RUNNING IN OFFLINE/INSECURE MODE!
[07:38:34] [Server thread/WARN]: The server will make no attempt to authenticate usernames. Beware.
[07:38:34] [Server thread/WARN]: While this makes the game possible to play without internet access, it also opens up the ability for hackers to connect with any username they choose.
[07:38:34] [Server thread/WARN]: To change this, set "online-mode" to "true" in the server.properties file.
[07:38:34] [Server thread/INFO]: Preparing level "world"
[07:38:34] [Folia Async Scheduler Thread #1/INFO]: [SkinsRestorer] ----------------------------------------------
[07:38:34] [Folia Async Scheduler Thread #1/INFO]: [SkinsRestorer]     +===================+
[07:38:34] [Folia Async Scheduler Thread #1/INFO]: [SkinsRestorer]     |   SkinsRestorer   |
[07:38:34] [Folia Async Scheduler Thread #1/INFO]: [SkinsRestorer]     |-------------------|
[07:38:34] [Folia Async Scheduler Thread #1/INFO]: [SkinsRestorer]     |  Standalone Mode  |
[07:38:34] [Folia Async Scheduler Thread #1/INFO]: [SkinsRestorer]     +===================+
[07:38:34] [Folia Async Scheduler Thread #1/INFO]: [SkinsRestorer] ----------------------------------------------
[07:38:34] [Folia Async Scheduler Thread #1/INFO]: [SkinsRestorer]     Version: 15.12.3
[07:38:34] [Folia Async Scheduler Thread #1/INFO]: [SkinsRestorer]     Commit: 03cc9fd
[07:38:34] [Folia Async Scheduler Thread #1/INFO]: [SkinsRestorer]     This is the latest version!
[07:38:34] [Folia Async Scheduler Thread #1/INFO]: [SkinsRestorer] ----------------------------------------------
[07:38:34] [Folia Async Scheduler Thread #1/INFO]: [SkinsRestorer] Do you have issues? Read our troubleshooting guide: https://skinsrestorer.net/docs/troubleshooting
[07:38:34] [Folia Async Scheduler Thread #1/INFO]: [SkinsRestorer] Want to support SkinsRestorer or receive priority support? Become a supporter: https://skinsrestorer.net/pricing
[07:38:35] [Server thread/INFO]: Loading 0 persistent chunks for world 'minecraft:overworld'...
[07:38:35] [Server thread/INFO]: Prepared spawn area in 1 ms
[07:38:35] [Server thread/INFO]: Loading 0 persistent chunks for world 'minecraft:the_nether'...
[07:38:35] [Server thread/INFO]: Prepared spawn area in 0 ms
[07:38:35] [Server thread/INFO]: Loading 0 persistent chunks for world 'minecraft:the_end'...
[07:38:35] [Server thread/INFO]: Prepared spawn area in 0 ms
[07:38:35] [Server thread/INFO]: Done preparing level "world" (0.703s)
[07:38:35] [Server thread/INFO]: [Essentials] Enabling Essentials v2.22.0
[07:38:35] [Server thread/ERROR]: [Essentials] You are running an unsupported server version!
[07:38:35] [Server thread/INFO]: [Essentials] Attempting to convert old kits in config.yml to new kits.yml
[07:38:35] [Server thread/INFO]: [Essentials] No kits found to migrate.
[07:38:35] [Server thread/INFO]: [Essentials] Selected 1.20.4+ Damage Event Provider as the provider for DamageEventProvider
[07:38:35] [Server thread/INFO]: [Essentials] Selected Reflection Formatted Command Alias Provider as the provider for FormattedCommandAliasProvider
[07:38:35] [Server thread/INFO]: [Essentials] Selected 1.20.6+ Potion Meta Provider as the provider for PotionMetaProvider
[07:38:35] [Server thread/INFO]: [Essentials] Selected Legacy Biome Name Provider as the provider for BiomeNameProvider
[07:38:35] [Server thread/INFO]: [Essentials] Selected 1.12.2+ Player Locale Provider as the provider for PlayerLocaleProvider
[07:38:35] [Server thread/INFO]: [Essentials] Selected 1.13+ Spawn Egg Provider as the provider for SpawnEggProvider
[07:38:35] [Server thread/INFO]: [Essentials] Selected Reflection Online Mode Provider as the provider for OnlineModeProvider
[07:38:35] [Server thread/INFO]: [Essentials] Selected 1.21.4+ Sync Commands Provider as the provider for SyncCommandsProvider
[07:38:35] [Server thread/INFO]: [Essentials] Selected Paper Material Tag Provider as the provider for MaterialTagProvider
[07:38:35] [Server thread/INFO]: [Essentials] Selected 1.12+ Spawner Block Provider as the provider for SpawnerBlockProvider
[07:38:35] [Server thread/INFO]: [Essentials] Selected 1.8.3+ Spawner Item Provider as the provider for SpawnerItemProvider
[07:38:35] [Server thread/INFO]: [Essentials] Selected Paper 1.13+ Tile Entity Provider as the provider for TileEntityProvider
[07:38:35] [Server thread/INFO]: [Essentials] Selected 1.20.5+ Banner Data Provider as the provider for BannerDataProvider
[07:38:35] [Server thread/INFO]: [Essentials] Selected Paper Biome Key Provider as the provider for BiomeKeyProvider
[07:38:35] [Server thread/INFO]: [Essentials] Selected 1.17.1+ World Info Provider as the provider for WorldInfoProvider
[07:38:35] [Server thread/INFO]: [Essentials] Selected 1.14+ Sign Data Provider as the provider for SignDataProvider
[07:38:35] [Server thread/INFO]: [Essentials] Selected Paper Server State Provider as the provider for ServerStateProvider
[07:38:35] [Server thread/INFO]: [Essentials] Selected 1.21+ InventoryView Interface ABI Provider as the provider for InventoryViewProvider
[07:38:35] [Server thread/INFO]: [Essentials] Selected 1.14.4+ Persistent Data Container Provider as the provider for PersistentDataProvider
[07:38:35] [Server thread/INFO]: [Essentials] Selected Paper Serialization Provider as the provider for SerializationProvider
[07:38:35] [Server thread/INFO]: [Essentials] Selected Paper Tick Count Provider as the provider for TickCountProvider
[07:38:35] [Server thread/INFO]: [Essentials] Selected 1.11+ Item Unbreakable Provider as the provider for ItemUnbreakableProvider
[07:38:35] [Server thread/INFO]: [Essentials] Selected Paper Known Commands Provider as the provider for KnownCommandsProvider
[07:38:35] [Server thread/INFO]: [Essentials] Selected Paper Container Provider as the provider for ContainerProvider
[07:38:36] [Server thread/INFO]: [Essentials] Loaded 46312 items from items.json.
[07:38:36] [Server thread/INFO]: [Essentials] Using locale en
[07:38:36] [Server thread/INFO]: [Essentials] ServerListPingEvent: Spigot iterator API
[07:38:36] [Server thread/INFO]: [Essentials] Starting Metrics. Opt-out using the global bStats config.
[07:38:36] [Server thread/WARN]: [Essentials] Detected supported permissions plugin LuckPerms without Vault installed.
[07:38:36] [Server thread/WARN]: [Essentials] Features such as chat prefixes/suffixes and group-related functionality will not work until you install Vault.
[07:38:36] [Server thread/INFO]: [Essentials] Using superperms-based permissions.
[07:38:36] [Server thread/INFO]: [KBloodMoon] Enabling KBloodMoon v${project.version}
[07:38:36] [Server thread/INFO]: [KBloodMoon] bloodMoonChance: 20
[07:38:36] [Server thread/INFO]: [KBloodMoon] §4[BloodMoon] §aPlugin enabled!
[07:38:36] [Server thread/INFO]: [InfernalMobs] Enabling InfernalMobs v6.9.3
[07:38:36] [Server thread/INFO]: [InfernalMobs] Events registered.
[07:38:36] [Server thread/INFO]: [InfernalMobs] bStats metrics enabled.
[07:38:36] [Server thread/INFO]: [InfernalMobs] InfernalMobs enabled successfully for 1.21.10-R0.1-SNAPSHOT!
[07:38:36] [Server thread/INFO]: [LevelledMobs] Enabling LevelledMobs v4.5.3.1 b155
[07:38:36] [Server thread/INFO]: [LevelledMobs] Building reflection cache, use simple names: true
[07:38:36] [Server thread/INFO]: [LevelledMobs] Found Essentials, loading integration
[07:38:36] [Server thread/INFO]: [LevelledMobs] Using NMS version 1.21.10 for nametag support
[07:38:36] [Server thread/INFO]: [LevelledMobs] File Loader: Loading files...
[07:38:36] [Server thread/INFO]: [LevelledMobs] File Loader: Loading file 'settings.yml'...
[07:38:36] [Server thread/INFO]: [LevelledMobs] File Loader: Loading file 'messages.yml'...
[07:38:36] [Server thread/INFO]: [LevelledMobs] File Loader: Loading file 'externalplugins.yml'...
[07:38:36] [Server thread/INFO]: [LevelledMobs] File Loader: Loading file 'rules.yml'...
[07:38:36] [Server thread/INFO]: [LevelledMobs] Current rules hash: 1989a4fa2c5d0c416d85241d89f925afd834cf975c0b9716a8f9aab48ba23fe8
[07:38:36] [Server thread/INFO]: [LevelledMobs] File Loader: Loading file 'customdrops.yml'...
[07:38:36] [Server thread/INFO]: [LevelledMobs] Listeners: Registering event listeners...
[07:38:36] [Server thread/INFO]: [LevelledMobs] Running misc procedures
[07:38:36] [Server thread/INFO]: [LevelledMobs] Tasks: Starting async nametag auto update task...
[07:38:36] [Server thread/INFO]: [LevelledMobs] Start-up complete (took 324ms)
[07:38:37] [Server thread/INFO]: [spark] Starting background profiler...
[07:38:38] [Server thread/INFO]: Running delayed init tasks
[07:38:38] [Craft Scheduler Thread - 3 - Essentials/INFO]: [Essentials] Fetching version information...
[07:38:38] [Server thread/INFO]: Done (22.897s)! For help, type "help"
[07:40:27] [User Authenticator #0/INFO]: UUID of player PapiTebam is 583eee5b-17cc-35e9-9c3f-66e0bbf42929
[07:40:27] [Server thread/INFO]: [HorriblePlayerLoginEventHack] You have plugins listening to the PlayerLoginEvent, this will cause re-configuration APIs to be unavailable: [LuckPerms]
[07:40:28] [Server thread/INFO]: Connection closed during protocol change
[07:40:28] [Server thread/INFO]: Connection closed during protocol change
[07:40:28] [Server thread/INFO]: PapiTebam (583eee5b-17cc-35e9-9c3f-66e0bbf42929) lost connection: Disconnected
[07:40:30] [User Authenticator #0/INFO]: UUID of player PapiTebam is 583eee5b-17cc-35e9-9c3f-66e0bbf42929
[07:40:32] [Server thread/INFO]: PapiTebam joined the game
[07:40:32] [Server thread/INFO]: PapiTebam[/[0:0:0:0:0:0:0:1]:32928] logged in with entity id 2 at ([world]-2390.088240812149, 210.0, -1581.9044187971333)
[07:40:34] [User Authenticator #0/INFO]: UUID of player RsDarkG is 159b7f70-97fe-3c81-882a-74165098b963
[07:40:36] [Server thread/INFO]: RsDarkG joined the game
[07:40:36] [Server thread/INFO]: RsDarkG[/[0:0:0:0:0:0:0:1]:60714] logged in with entity id 99 at ([world]-2339.938924967251, 81.88528409699684, -1475.8174411719685)
[07:40:54] [Server thread/INFO]: RsDarkG issued server command: /fly
[07:43:58] [Server thread/INFO]: PapiTebam lost connection: Disconnected
[07:43:58] [Server thread/INFO]: PapiTebam left the game
[07:45:46] [Server thread/INFO]: RsDarkG lost connection: Disconnected
[07:45:46] [Server thread/INFO]: RsDarkG left the game
[07:49:36] [Server thread/INFO]: [KBloodMoon] Blood Moon will occur today in world: world
[07:52:56] [Server thread/INFO]: [KBloodMoon] §4[BloodMoon] §aBlood Moon started in §eworld§a!
[08:00:36] [Server thread/INFO]: [KBloodMoon] §4[BloodMoon] §aBlood Moon ended in §eworld§a!
[08:01:00] [User Authenticator #1/INFO]: UUID of player PapiTebam is 583eee5b-17cc-35e9-9c3f-66e0bbf42929
[08:01:02] [Server thread/INFO]: PapiTebam joined the game
[08:01:02] [Server thread/INFO]: PapiTebam[/[0:0:0:0:0:0:0:1]:50748] logged in with entity id 2276 at ([world]-2514.699999988079, 64.0, -1441.1429928518623)
[08:02:25] [Server thread/INFO]: Named entity Zombie['Infernal Zombie'/2416, uuid='fc55ef39-997b-472a-bfff-c96acb85590f', l='ServerLevel[world]', x=-2420.36, y=72.51, z=-1446.99, cpos=[-152, -91], tl=1623, v=true] died: Infernal Zombie was slain by Iron Golem
[08:09:36] [Server thread/INFO]: [KBloodMoon] No Blood Moon today in world: world
[08:26:21] [Server thread/INFO]: PapiTebam issued server command: /home
[08:26:30] [Server thread/INFO]: [KBloodMoon] Blood Moon will occur today in world: world
[08:29:50] [Server thread/INFO]: [KBloodMoon] §4[BloodMoon] §aBlood Moon started in §eworld§a!
[08:32:33] [Async Chat Thread - #0/INFO]: [Not Secure] <PapiTebam> asd
